---------- Date: 2013-04-12 15:17:44 ~ IP : 127.0.0.1 ----------
REQUEST URI : /hn/index.php?route=product/category&amp;path=63&amp;page=2
NO MODS IN USE
----------------------------------------------------------------------


---------- Date: 2013-04-12 15:21:52 ~ IP : 127.0.0.1 ----------
REQUEST URI : /hn/
NO MODS IN USE
----------------------------------------------------------------------


---------- Date: 2013-04-12 15:43:41 ~ IP : 127.0.0.1 ----------
REQUEST URI : /hn/index.php?route=information/sitemap
NO MODS IN USE
----------------------------------------------------------------------


---------- Date: 2013-04-12 15:45:22 ~ IP : 127.0.0.1 ----------
REQUEST URI : /hn/index.php?route=information/sitemap
NO MODS IN USE
----------------------------------------------------------------------


---------- Date: 2013-04-12 15:46:52 ~ IP : 127.0.0.1 ----------
REQUEST URI : /hn/index.php?route=information/sitemap
NO MODS IN USE
----------------------------------------------------------------------


---------- Date: 2013-04-12 15:48:30 ~ IP : 127.0.0.1 ----------
REQUEST URI : /hn/index.php?route=information/sitemap
NO MODS IN USE
----------------------------------------------------------------------


---------- Date: 2013-04-12 15:48:50 ~ IP : 127.0.0.1 ----------
REQUEST URI : /hn/index.php?route=information/information&amp;information_id=4
NO MODS IN USE
----------------------------------------------------------------------


---------- Date: 2013-04-12 15:50:27 ~ IP : 127.0.0.1 ----------
REQUEST URI : /hn/index.php?route=information/information&amp;information_id=4
NO MODS IN USE
----------------------------------------------------------------------


---------- Date: 2013-04-12 15:50:37 ~ IP : 127.0.0.1 ----------
REQUEST URI : /hn/index.php?route=information/information&amp;information_id=4
NO MODS IN USE
----------------------------------------------------------------------


---------- Date: 2013-04-12 15:51:23 ~ IP : 127.0.0.1 ----------
REQUEST URI : /hn/index.php?route=information/information&amp;information_id=4
NO MODS IN USE
----------------------------------------------------------------------


---------- Date: 2013-04-12 15:51:52 ~ IP : 127.0.0.1 ----------
REQUEST URI : /hn/index.php?route=common/home
NO MODS IN USE
----------------------------------------------------------------------


---------- Date: 2013-04-12 15:53:59 ~ IP : 127.0.0.1 ----------
REQUEST URI : /hn/index.php?route=product/search
NO MODS IN USE
----------------------------------------------------------------------


---------- Date: 2013-04-12 16:00:41 ~ IP : 127.0.0.1 ----------
REQUEST URI : /hn/index.php?route=product/search
NO MODS IN USE
----------------------------------------------------------------------


---------- Date: 2013-04-12 16:02:33 ~ IP : 127.0.0.1 ----------
REQUEST URI : /hn/index.php?route=product/search
NO MODS IN USE
----------------------------------------------------------------------


---------- Date: 2013-04-12 16:13:15 ~ IP : 127.0.0.1 ----------
REQUEST URI : /hn/index.php?route=common/home
NO MODS IN USE
----------------------------------------------------------------------


---------- Date: 2013-04-12 16:17:05 ~ IP : 127.0.0.1 ----------
REQUEST URI : /hn/index.php?route=common/home
NO MODS IN USE
----------------------------------------------------------------------


---------- Date: 2013-04-12 16:17:31 ~ IP : 127.0.0.1 ----------
REQUEST URI : /hn/admin/
NO MODS IN USE
----------------------------------------------------------------------


---------- Date: 2013-04-12 16:17:36 ~ IP : 127.0.0.1 ----------
REQUEST URI : /hn/admin/index.php?route=common/login
NO MODS IN USE
----------------------------------------------------------------------


---------- Date: 2013-04-12 16:17:37 ~ IP : 127.0.0.1 ----------
REQUEST URI : /hn/admin/index.php?route=common/home&amp;token=ac5fa824587b37e8441c6e4cd3a80475
NO MODS IN USE
----------------------------------------------------------------------


---------- Date: 2013-04-12 16:17:38 ~ IP : 127.0.0.1 ----------
REQUEST URI : /hn/admin/index.php?route=common/home/chart&amp;token=ac5fa824587b37e8441c6e4cd3a80475&amp;range=day
NO MODS IN USE
----------------------------------------------------------------------


---------- Date: 2013-04-12 16:18:12 ~ IP : 127.0.0.1 ----------
REQUEST URI : /hn/admin/index.php?route=catalog/category&amp;token=ac5fa824587b37e8441c6e4cd3a80475
NO MODS IN USE
----------------------------------------------------------------------


---------- Date: 2013-04-12 16:18:16 ~ IP : 127.0.0.1 ----------
REQUEST URI : /hn/admin/index.php?route=catalog/category/update&amp;token=ac5fa824587b37e8441c6e4cd3a80475&amp;category_id=59
NO MODS IN USE
----------------------------------------------------------------------


---------- Date: 2013-04-12 16:18:23 ~ IP : 127.0.0.1 ----------
REQUEST URI : /hn/admin/index.php?route=catalog/category/update&amp;token=ac5fa824587b37e8441c6e4cd3a80475&amp;category_id=59
NO MODS IN USE
----------------------------------------------------------------------


---------- Date: 2013-04-12 16:18:23 ~ IP : 127.0.0.1 ----------
REQUEST URI : /hn/admin/index.php?route=catalog/category&amp;token=ac5fa824587b37e8441c6e4cd3a80475
NO MODS IN USE
----------------------------------------------------------------------


---------- Date: 2013-04-12 16:18:30 ~ IP : 127.0.0.1 ----------
REQUEST URI : /hn/admin/index.php?route=catalog/category/update&amp;token=ac5fa824587b37e8441c6e4cd3a80475&amp;category_id=71
NO MODS IN USE
----------------------------------------------------------------------


---------- Date: 2013-04-12 16:18:35 ~ IP : 127.0.0.1 ----------
REQUEST URI : /hn/admin/index.php?route=catalog/category/update&amp;token=ac5fa824587b37e8441c6e4cd3a80475&amp;category_id=71
NO MODS IN USE
----------------------------------------------------------------------


---------- Date: 2013-04-12 16:18:35 ~ IP : 127.0.0.1 ----------
REQUEST URI : /hn/admin/index.php?route=catalog/category&amp;token=ac5fa824587b37e8441c6e4cd3a80475
NO MODS IN USE
----------------------------------------------------------------------


---------- Date: 2013-04-12 16:18:38 ~ IP : 127.0.0.1 ----------
REQUEST URI : /hn/index.php?route=common/home
NO MODS IN USE
----------------------------------------------------------------------


---------- Date: 2013-04-12 16:18:51 ~ IP : 127.0.0.1 ----------
REQUEST URI : /hn/admin/index.php?route=catalog/category/update&amp;token=ac5fa824587b37e8441c6e4cd3a80475&amp;category_id=62
NO MODS IN USE
----------------------------------------------------------------------


---------- Date: 2013-04-12 16:18:56 ~ IP : 127.0.0.1 ----------
REQUEST URI : /hn/admin/index.php?route=catalog/category/update&amp;token=ac5fa824587b37e8441c6e4cd3a80475&amp;category_id=62
NO MODS IN USE
----------------------------------------------------------------------


---------- Date: 2013-04-12 16:18:56 ~ IP : 127.0.0.1 ----------
REQUEST URI : /hn/admin/index.php?route=catalog/category&amp;token=ac5fa824587b37e8441c6e4cd3a80475
NO MODS IN USE
----------------------------------------------------------------------


---------- Date: 2013-04-12 16:19:01 ~ IP : 127.0.0.1 ----------
REQUEST URI : /hn/admin/index.php?route=catalog/category/update&amp;token=ac5fa824587b37e8441c6e4cd3a80475&amp;category_id=70
NO MODS IN USE
----------------------------------------------------------------------


---------- Date: 2013-04-12 16:19:07 ~ IP : 127.0.0.1 ----------
REQUEST URI : /hn/admin/index.php?route=catalog/category/update&amp;token=ac5fa824587b37e8441c6e4cd3a80475&amp;category_id=70
NO MODS IN USE
----------------------------------------------------------------------


---------- Date: 2013-04-12 16:19:07 ~ IP : 127.0.0.1 ----------
REQUEST URI : /hn/admin/index.php?route=catalog/category&amp;token=ac5fa824587b37e8441c6e4cd3a80475
NO MODS IN USE
----------------------------------------------------------------------


---------- Date: 2013-04-12 16:19:27 ~ IP : 127.0.0.1 ----------
REQUEST URI : /hn/admin/index.php?route=catalog/category/update&amp;token=ac5fa824587b37e8441c6e4cd3a80475&amp;category_id=60
NO MODS IN USE
----------------------------------------------------------------------


---------- Date: 2013-04-12 16:19:36 ~ IP : 127.0.0.1 ----------
REQUEST URI : /hn/admin/index.php?route=catalog/category/update&amp;token=ac5fa824587b37e8441c6e4cd3a80475&amp;category_id=60
NO MODS IN USE
----------------------------------------------------------------------


---------- Date: 2013-04-12 16:19:36 ~ IP : 127.0.0.1 ----------
REQUEST URI : /hn/admin/index.php?route=catalog/category&amp;token=ac5fa824587b37e8441c6e4cd3a80475
NO MODS IN USE
----------------------------------------------------------------------


---------- Date: 2013-04-12 16:19:40 ~ IP : 127.0.0.1 ----------
REQUEST URI : /hn/admin/index.php?route=catalog/category/update&amp;token=ac5fa824587b37e8441c6e4cd3a80475&amp;category_id=63
NO MODS IN USE
----------------------------------------------------------------------


---------- Date: 2013-04-12 16:19:47 ~ IP : 127.0.0.1 ----------
REQUEST URI : /hn/admin/index.php?route=catalog/category/update&amp;token=ac5fa824587b37e8441c6e4cd3a80475&amp;category_id=63
NO MODS IN USE
----------------------------------------------------------------------


---------- Date: 2013-04-12 16:19:47 ~ IP : 127.0.0.1 ----------
REQUEST URI : /hn/admin/index.php?route=catalog/category&amp;token=ac5fa824587b37e8441c6e4cd3a80475
NO MODS IN USE
----------------------------------------------------------------------


---------- Date: 2013-04-12 16:19:51 ~ IP : 127.0.0.1 ----------
REQUEST URI : /hn/admin/index.php?route=catalog/category/update&amp;token=ac5fa824587b37e8441c6e4cd3a80475&amp;category_id=61
NO MODS IN USE
----------------------------------------------------------------------


---------- Date: 2013-04-12 16:19:55 ~ IP : 127.0.0.1 ----------
REQUEST URI : /hn/admin/index.php?route=catalog/category/update&amp;token=ac5fa824587b37e8441c6e4cd3a80475&amp;category_id=61
NO MODS IN USE
----------------------------------------------------------------------


---------- Date: 2013-04-12 16:19:55 ~ IP : 127.0.0.1 ----------
REQUEST URI : /hn/admin/index.php?route=catalog/category&amp;token=ac5fa824587b37e8441c6e4cd3a80475
NO MODS IN USE
----------------------------------------------------------------------


---------- Date: 2013-04-12 16:20:00 ~ IP : 127.0.0.1 ----------
REQUEST URI : /hn/index.php?route=common/home
NO MODS IN USE
----------------------------------------------------------------------


---------- Date: 2013-04-12 16:22:30 ~ IP : 127.0.0.1 ----------
REQUEST URI : /hn/index.php?route=common/home
NO MODS IN USE
----------------------------------------------------------------------


---------- Date: 2013-04-12 16:27:20 ~ IP : 127.0.0.1 ----------
REQUEST URI : /hn/index.php?route=common/home
NO MODS IN USE
----------------------------------------------------------------------


---------- Date: 2013-04-12 16:27:39 ~ IP : 127.0.0.1 ----------
REQUEST URI : /hn/index.php?route=common/home
NO MODS IN USE
----------------------------------------------------------------------


---------- Date: 2013-04-12 16:28:43 ~ IP : 127.0.0.1 ----------
REQUEST URI : /hn/index.php?route=common/home
NO MODS IN USE
----------------------------------------------------------------------


---------- Date: 2013-04-12 16:29:44 ~ IP : 127.0.0.1 ----------
REQUEST URI : /hn/index.php?route=common/home
NO MODS IN USE
----------------------------------------------------------------------


---------- Date: 2013-04-12 16:30:57 ~ IP : 127.0.0.1 ----------
REQUEST URI : /hn/index.php?route=common/home
NO MODS IN USE
----------------------------------------------------------------------


---------- Date: 2013-04-12 16:31:17 ~ IP : 127.0.0.1 ----------
REQUEST URI : /hn/index.php?route=common/home
NO MODS IN USE
----------------------------------------------------------------------


---------- Date: 2013-04-12 16:31:59 ~ IP : 127.0.0.1 ----------
REQUEST URI : /hn/index.php?route=common/home
NO MODS IN USE
----------------------------------------------------------------------


---------- Date: 2013-04-12 16:32:27 ~ IP : 127.0.0.1 ----------
REQUEST URI : /hn/index.php?route=common/home
NO MODS IN USE
----------------------------------------------------------------------


---------- Date: 2013-04-12 16:32:56 ~ IP : 127.0.0.1 ----------
REQUEST URI : /hn/index.php?route=common/home
NO MODS IN USE
----------------------------------------------------------------------


---------- Date: 2013-04-12 16:33:54 ~ IP : 127.0.0.1 ----------
REQUEST URI : /hn/index.php?route=common/home
NO MODS IN USE
----------------------------------------------------------------------


---------- Date: 2013-04-12 16:34:12 ~ IP : 127.0.0.1 ----------
REQUEST URI : /hn/index.php?route=common/home
NO MODS IN USE
----------------------------------------------------------------------


---------- Date: 2013-04-12 16:34:41 ~ IP : 127.0.0.1 ----------
REQUEST URI : /hn/index.php?route=common/home
NO MODS IN USE
----------------------------------------------------------------------


---------- Date: 2013-04-12 16:35:20 ~ IP : 127.0.0.1 ----------
REQUEST URI : /hn/index.php?route=common/home
NO MODS IN USE
----------------------------------------------------------------------


---------- Date: 2013-04-12 16:35:51 ~ IP : 127.0.0.1 ----------
REQUEST URI : /hn/index.php?route=common/home
NO MODS IN USE
----------------------------------------------------------------------


---------- Date: 2013-04-12 16:36:09 ~ IP : 127.0.0.1 ----------
REQUEST URI : /hn/index.php?route=common/home
NO MODS IN USE
----------------------------------------------------------------------


---------- Date: 2013-04-12 16:38:51 ~ IP : 127.0.0.1 ----------
REQUEST URI : /hn/index.php?route=common/home
NO MODS IN USE
----------------------------------------------------------------------


---------- Date: 2013-04-12 16:39:05 ~ IP : 127.0.0.1 ----------
REQUEST URI : /hn/index.php?route=common/home
NO MODS IN USE
----------------------------------------------------------------------


---------- Date: 2013-04-12 16:39:20 ~ IP : 127.0.0.1 ----------
REQUEST URI : /hn/index.php?route=common/home
NO MODS IN USE
----------------------------------------------------------------------


---------- Date: 2013-04-12 16:40:39 ~ IP : 127.0.0.1 ----------
REQUEST URI : /hn/index.php?route=common/home
NO MODS IN USE
----------------------------------------------------------------------


---------- Date: 2013-04-12 16:41:49 ~ IP : 127.0.0.1 ----------
REQUEST URI : /hn/index.php?route=common/home
NO MODS IN USE
----------------------------------------------------------------------


---------- Date: 2013-04-12 16:50:27 ~ IP : 127.0.0.1 ----------
REQUEST URI : /hn/index.php?route=common/home
NO MODS IN USE
----------------------------------------------------------------------


---------- Date: 2013-04-12 16:51:22 ~ IP : 127.0.0.1 ----------
REQUEST URI : /hn/index.php?route=common/home
NO MODS IN USE
----------------------------------------------------------------------


---------- Date: 2013-04-12 16:52:01 ~ IP : 127.0.0.1 ----------
REQUEST URI : /hn/index.php?route=common/home
NO MODS IN USE
----------------------------------------------------------------------


---------- Date: 2013-04-12 16:53:09 ~ IP : 127.0.0.1 ----------
REQUEST URI : /hn/index.php?route=common/home
NO MODS IN USE
----------------------------------------------------------------------


---------- Date: 2013-04-12 16:54:25 ~ IP : 127.0.0.1 ----------
REQUEST URI : /hn/index.php?route=common/home
NO MODS IN USE
----------------------------------------------------------------------


---------- Date: 2013-04-12 16:58:17 ~ IP : 127.0.0.1 ----------
REQUEST URI : /hn/index.php?route=common/home
NO MODS IN USE
----------------------------------------------------------------------


---------- Date: 2013-04-12 16:58:35 ~ IP : 127.0.0.1 ----------
REQUEST URI : /hn/index.php?route=common/home
NO MODS IN USE
----------------------------------------------------------------------


---------- Date: 2013-04-12 17:01:46 ~ IP : 127.0.0.1 ----------
REQUEST URI : /hn/index.php?route=common/home
NO MODS IN USE
----------------------------------------------------------------------


---------- Date: 2013-04-12 17:02:37 ~ IP : 127.0.0.1 ----------
REQUEST URI : /hn/index.php?route=common/home
NO MODS IN USE
----------------------------------------------------------------------


---------- Date: 2013-04-12 17:08:11 ~ IP : 127.0.0.1 ----------
REQUEST URI : /hn/index.php?route=common/home
NO MODS IN USE
----------------------------------------------------------------------


---------- Date: 2013-04-12 17:08:45 ~ IP : 127.0.0.1 ----------
REQUEST URI : /hn/index.php?route=common/home
NO MODS IN USE
----------------------------------------------------------------------


---------- Date: 2013-04-12 17:09:31 ~ IP : 127.0.0.1 ----------
REQUEST URI : /hn/index.php?route=common/home
NO MODS IN USE
----------------------------------------------------------------------


---------- Date: 2013-04-12 17:09:59 ~ IP : 127.0.0.1 ----------
REQUEST URI : /hn/index.php?route=common/home
NO MODS IN USE
----------------------------------------------------------------------


---------- Date: 2013-04-12 17:10:10 ~ IP : 127.0.0.1 ----------
REQUEST URI : /hn/index.php?route=common/home
NO MODS IN USE
----------------------------------------------------------------------


---------- Date: 2013-04-12 17:10:57 ~ IP : 127.0.0.1 ----------
REQUEST URI : /hn/index.php?route=common/home
NO MODS IN USE
----------------------------------------------------------------------


---------- Date: 2013-04-12 17:11:20 ~ IP : 127.0.0.1 ----------
REQUEST URI : /hn/index.php?route=common/home
NO MODS IN USE
----------------------------------------------------------------------


---------- Date: 2013-04-12 17:11:56 ~ IP : 127.0.0.1 ----------
REQUEST URI : /hn/index.php?route=common/home
NO MODS IN USE
----------------------------------------------------------------------


---------- Date: 2013-04-12 17:12:39 ~ IP : 127.0.0.1 ----------
REQUEST URI : /hn/index.php?route=common/home
NO MODS IN USE
----------------------------------------------------------------------


---------- Date: 2013-04-12 17:12:48 ~ IP : 127.0.0.1 ----------
REQUEST URI : /hn/index.php?route=common/home
NO MODS IN USE
----------------------------------------------------------------------


---------- Date: 2013-04-12 17:13:06 ~ IP : 127.0.0.1 ----------
REQUEST URI : /hn/index.php?route=common/home
NO MODS IN USE
----------------------------------------------------------------------


---------- Date: 2013-04-12 17:14:11 ~ IP : 127.0.0.1 ----------
REQUEST URI : /hn/index.php?route=common/home
NO MODS IN USE
----------------------------------------------------------------------


---------- Date: 2013-04-12 17:14:46 ~ IP : 127.0.0.1 ----------
REQUEST URI : /hn/index.php?route=common/home
NO MODS IN USE
----------------------------------------------------------------------


---------- Date: 2013-04-12 17:16:34 ~ IP : 127.0.0.1 ----------
REQUEST URI : /hn/index.php?route=common/home
NO MODS IN USE
----------------------------------------------------------------------


---------- Date: 2013-04-12 17:16:51 ~ IP : 127.0.0.1 ----------
REQUEST URI : /hn/index.php?route=common/home
NO MODS IN USE
----------------------------------------------------------------------


---------- Date: 2013-04-12 17:17:33 ~ IP : 127.0.0.1 ----------
REQUEST URI : /hn/index.php?route=common/home
NO MODS IN USE
----------------------------------------------------------------------


