---------- Date: 2013-04-13 15:33:49 ~ IP : 127.0.0.1 ----------
REQUEST URI : /hn/index.php?route=common/home
NO MODS IN USE
----------------------------------------------------------------------


---------- Date: 2013-04-13 15:34:29 ~ IP : 127.0.0.1 ----------
REQUEST URI : /hn/index.php?route=common/home
NO MODS IN USE
----------------------------------------------------------------------


---------- Date: 2013-04-13 15:36:50 ~ IP : 127.0.0.1 ----------
REQUEST URI : /hn/index.php?route=common/home
NO MODS IN USE
----------------------------------------------------------------------


---------- Date: 2013-04-13 15:38:35 ~ IP : 127.0.0.1 ----------
REQUEST URI : /hn/index.php?route=common/home
NO MODS IN USE
----------------------------------------------------------------------


---------- Date: 2013-04-13 15:40:28 ~ IP : 127.0.0.1 ----------
REQUEST URI : /hn/index.php?route=common/home
NO MODS IN USE
----------------------------------------------------------------------


---------- Date: 2013-04-13 15:42:42 ~ IP : 127.0.0.1 ----------
REQUEST URI : /hn/index.php?route=common/home
NO MODS IN USE
----------------------------------------------------------------------


---------- Date: 2013-04-13 15:43:44 ~ IP : 127.0.0.1 ----------
REQUEST URI : /hn/index.php?route=common/home
NO MODS IN USE
----------------------------------------------------------------------


---------- Date: 2013-04-13 15:44:23 ~ IP : 127.0.0.1 ----------
REQUEST URI : /hn/index.php?route=common/home
NO MODS IN USE
----------------------------------------------------------------------


---------- Date: 2013-04-13 15:44:31 ~ IP : 127.0.0.1 ----------
REQUEST URI : /hn/index.php?route=common/home
NO MODS IN USE
----------------------------------------------------------------------


---------- Date: 2013-04-13 16:02:50 ~ IP : 127.0.0.1 ----------
REQUEST URI : /hn/index.php?route=common/home
NO MODS IN USE
----------------------------------------------------------------------


---------- Date: 2013-04-13 16:04:48 ~ IP : 127.0.0.1 ----------
REQUEST URI : /hn/index.php?route=information/contact
NO MODS IN USE
----------------------------------------------------------------------


---------- Date: 2013-04-13 16:04:49 ~ IP : 127.0.0.1 ----------
REQUEST URI : /hn/index.php?route=information/contact/captcha
NO MODS IN USE
----------------------------------------------------------------------


---------- Date: 2013-04-13 16:07:21 ~ IP : 127.0.0.1 ----------
REQUEST URI : /hn/index.php?route=information/contact
NO MODS IN USE
----------------------------------------------------------------------


---------- Date: 2013-04-13 16:07:21 ~ IP : 127.0.0.1 ----------
REQUEST URI : /hn/index.php?route=information/contact/captcha
NO MODS IN USE
----------------------------------------------------------------------


---------- Date: 2013-04-13 16:07:50 ~ IP : 127.0.0.1 ----------
REQUEST URI : /hn/index.php?route=information/contact
NO MODS IN USE
----------------------------------------------------------------------


---------- Date: 2013-04-13 16:07:50 ~ IP : 127.0.0.1 ----------
REQUEST URI : /hn/index.php?route=information/contact/captcha
NO MODS IN USE
----------------------------------------------------------------------


---------- Date: 2013-04-13 16:08:28 ~ IP : 127.0.0.1 ----------
REQUEST URI : /hn/index.php?route=information/contact
NO MODS IN USE
----------------------------------------------------------------------


---------- Date: 2013-04-13 16:08:28 ~ IP : 127.0.0.1 ----------
REQUEST URI : /hn/index.php?route=information/contact/captcha
NO MODS IN USE
----------------------------------------------------------------------


---------- Date: 2013-04-13 16:08:32 ~ IP : 127.0.0.1 ----------
REQUEST URI : /hn/index.php?route=information/contact
NO MODS IN USE
----------------------------------------------------------------------


---------- Date: 2013-04-13 16:08:32 ~ IP : 127.0.0.1 ----------
REQUEST URI : /hn/index.php?route=information/contact/captcha
NO MODS IN USE
----------------------------------------------------------------------


---------- Date: 2013-04-13 16:08:35 ~ IP : 127.0.0.1 ----------
REQUEST URI : /hn/index.php?route=common/home
NO MODS IN USE
----------------------------------------------------------------------


---------- Date: 2013-04-13 16:08:39 ~ IP : 127.0.0.1 ----------
REQUEST URI : /hn/index.php?route=information/contact
NO MODS IN USE
----------------------------------------------------------------------


---------- Date: 2013-04-13 16:08:39 ~ IP : 127.0.0.1 ----------
REQUEST URI : /hn/index.php?route=information/contact/captcha
NO MODS IN USE
----------------------------------------------------------------------


---------- Date: 2013-04-13 16:08:59 ~ IP : 127.0.0.1 ----------
REQUEST URI : /hn/admin/
NO MODS IN USE
----------------------------------------------------------------------


---------- Date: 2013-04-13 16:09:09 ~ IP : 127.0.0.1 ----------
REQUEST URI : /hn/admin/index.php?route=common/login
NO MODS IN USE
----------------------------------------------------------------------


---------- Date: 2013-04-13 16:09:10 ~ IP : 127.0.0.1 ----------
REQUEST URI : /hn/admin/index.php?route=common/home&amp;token=1b87e66de702611f2f70c5ae42f52a4d
NO MODS IN USE
----------------------------------------------------------------------


---------- Date: 2013-04-13 16:09:10 ~ IP : 127.0.0.1 ----------
REQUEST URI : /hn/admin/index.php?route=common/home/chart&amp;token=1b87e66de702611f2f70c5ae42f52a4d&amp;range=day
NO MODS IN USE
----------------------------------------------------------------------


---------- Date: 2013-04-13 16:10:04 ~ IP : 127.0.0.1 ----------
REQUEST URI : /hn/admin/index.php?route=catalog/information&amp;token=1b87e66de702611f2f70c5ae42f52a4d
NO MODS IN USE
----------------------------------------------------------------------


---------- Date: 2013-04-13 16:10:10 ~ IP : 127.0.0.1 ----------
REQUEST URI : /hn/admin/index.php?route=extension/module&amp;token=1b87e66de702611f2f70c5ae42f52a4d
NO MODS IN USE
----------------------------------------------------------------------


---------- Date: 2013-04-13 16:10:25 ~ IP : 127.0.0.1 ----------
REQUEST URI : /hn/admin/index.php?route=module/infopage&amp;token=1b87e66de702611f2f70c5ae42f52a4d
NO MODS IN USE
----------------------------------------------------------------------


---------- Date: 2013-04-13 16:10:31 ~ IP : 127.0.0.1 ----------
REQUEST URI : /hn/admin/index.php?route=extension/module&amp;token=1b87e66de702611f2f70c5ae42f52a4d
NO MODS IN USE
----------------------------------------------------------------------


---------- Date: 2013-04-13 16:10:34 ~ IP : 127.0.0.1 ----------
REQUEST URI : /hn/admin/index.php?route=module/news&amp;token=1b87e66de702611f2f70c5ae42f52a4d
NO MODS IN USE
----------------------------------------------------------------------


---------- Date: 2013-04-13 16:10:50 ~ IP : 127.0.0.1 ----------
REQUEST URI : /hn/admin/index.php?route=module/news/listing&amp;token=1b87e66de702611f2f70c5ae42f52a4d
NO MODS IN USE
----------------------------------------------------------------------


---------- Date: 2013-04-13 16:10:55 ~ IP : 127.0.0.1 ----------
REQUEST URI : /hn/admin/index.php?route=module/news&amp;token=1b87e66de702611f2f70c5ae42f52a4d
NO MODS IN USE
----------------------------------------------------------------------


---------- Date: 2013-04-13 16:12:02 ~ IP : 127.0.0.1 ----------
REQUEST URI : /hn/index.php?route=product/category&amp;path=59
NO MODS IN USE
----------------------------------------------------------------------


---------- Date: 2013-04-13 16:12:20 ~ IP : 127.0.0.1 ----------
REQUEST URI : /hn/index.php?route=product/category&amp;path=59_71
NO MODS IN USE
----------------------------------------------------------------------


---------- Date: 2013-04-13 16:12:22 ~ IP : 127.0.0.1 ----------
REQUEST URI : /hn/index.php?route=product/category&amp;path=59_62
NO MODS IN USE
----------------------------------------------------------------------


---------- Date: 2013-04-13 16:12:23 ~ IP : 127.0.0.1 ----------
REQUEST URI : /hn/index.php?route=product/category&amp;path=59_70
NO MODS IN USE
----------------------------------------------------------------------


---------- Date: 2013-04-13 16:12:26 ~ IP : 127.0.0.1 ----------
REQUEST URI : /hn/index.php?route=product/category&amp;path=59_60
NO MODS IN USE
----------------------------------------------------------------------


---------- Date: 2013-04-13 16:12:29 ~ IP : 127.0.0.1 ----------
REQUEST URI : /hn/index.php?route=product/category&amp;path=59_63
NO MODS IN USE
----------------------------------------------------------------------


---------- Date: 2013-04-13 16:12:31 ~ IP : 127.0.0.1 ----------
REQUEST URI : /hn/index.php?route=product/category&amp;path=59_64
NO MODS IN USE
----------------------------------------------------------------------


---------- Date: 2013-04-13 16:12:34 ~ IP : 127.0.0.1 ----------
REQUEST URI : /hn/index.php?route=product/category&amp;path=59_65
NO MODS IN USE
----------------------------------------------------------------------


---------- Date: 2013-04-13 16:12:36 ~ IP : 127.0.0.1 ----------
REQUEST URI : /hn/index.php?route=product/category&amp;path=59_66
NO MODS IN USE
----------------------------------------------------------------------


---------- Date: 2013-04-13 16:12:38 ~ IP : 127.0.0.1 ----------
REQUEST URI : /hn/index.php?route=product/category&amp;path=59_68
NO MODS IN USE
----------------------------------------------------------------------


---------- Date: 2013-04-13 16:12:40 ~ IP : 127.0.0.1 ----------
REQUEST URI : /hn/index.php?route=product/category&amp;path=59_69
NO MODS IN USE
----------------------------------------------------------------------


---------- Date: 2013-04-13 16:13:42 ~ IP : 127.0.0.1 ----------
REQUEST URI : /hn/admin/index.php?route=module/news/listing&amp;token=1b87e66de702611f2f70c5ae42f52a4d
NO MODS IN USE
----------------------------------------------------------------------


---------- Date: 2013-04-13 16:13:45 ~ IP : 127.0.0.1 ----------
REQUEST URI : /hn/admin/index.php?route=module/news/update&amp;token=1b87e66de702611f2f70c5ae42f52a4d&amp;news_id=1
NO MODS IN USE
----------------------------------------------------------------------


---------- Date: 2013-04-13 16:15:09 ~ IP : 127.0.0.1 ----------
REQUEST URI : /hn/admin/index.php?route=extension/module&amp;token=1b87e66de702611f2f70c5ae42f52a4d
NO MODS IN USE
----------------------------------------------------------------------


---------- Date: 2013-04-13 16:15:14 ~ IP : 127.0.0.1 ----------
REQUEST URI : /hn/admin/index.php?route=module/infopage&amp;token=1b87e66de702611f2f70c5ae42f52a4d
NO MODS IN USE
----------------------------------------------------------------------


---------- Date: 2013-04-13 16:16:10 ~ IP : 127.0.0.1 ----------
REQUEST URI : /hn/index.php?route=product/category&amp;path=59_70
NO MODS IN USE
----------------------------------------------------------------------


---------- Date: 2013-04-13 16:16:14 ~ IP : 127.0.0.1 ----------
REQUEST URI : /hn/index.php?route=product/category&amp;path=59_60
NO MODS IN USE
----------------------------------------------------------------------


---------- Date: 2013-04-13 16:24:23 ~ IP : 127.0.0.1 ----------
REQUEST URI : /hn/index.php?route=information/information&amp;information_id=4
NO MODS IN USE
----------------------------------------------------------------------


---------- Date: 2013-04-13 16:24:28 ~ IP : 127.0.0.1 ----------
REQUEST URI : /hn/index.php?route=information/information&amp;information_id=6
NO MODS IN USE
----------------------------------------------------------------------


---------- Date: 2013-04-13 16:24:31 ~ IP : 127.0.0.1 ----------
REQUEST URI : /hn/index.php?route=information/information&amp;information_id=3
NO MODS IN USE
----------------------------------------------------------------------


---------- Date: 2013-04-13 16:24:34 ~ IP : 127.0.0.1 ----------
REQUEST URI : /hn/index.php?route=information/information&amp;information_id=5
NO MODS IN USE
----------------------------------------------------------------------


---------- Date: 2013-04-13 16:24:36 ~ IP : 127.0.0.1 ----------
REQUEST URI : /hn/index.php?route=information/information&amp;information_id=7
NO MODS IN USE
----------------------------------------------------------------------


---------- Date: 2013-04-13 16:27:53 ~ IP : 127.0.0.1 ----------
REQUEST URI : /hn/admin/index.php?route=extension/module&amp;token=1b87e66de702611f2f70c5ae42f52a4d
NO MODS IN USE
----------------------------------------------------------------------


---------- Date: 2013-04-13 16:28:02 ~ IP : 127.0.0.1 ----------
REQUEST URI : /hn/admin/index.php?route=module/news&amp;token=1b87e66de702611f2f70c5ae42f52a4d
NO MODS IN USE
----------------------------------------------------------------------


---------- Date: 2013-04-13 16:28:21 ~ IP : 127.0.0.1 ----------
REQUEST URI : /hn/admin/index.php?route=module/news/listing&amp;token=1b87e66de702611f2f70c5ae42f52a4d
NO MODS IN USE
----------------------------------------------------------------------


---------- Date: 2013-04-13 16:28:25 ~ IP : 127.0.0.1 ----------
REQUEST URI : /hn/admin/index.php?route=module/news/update&amp;token=1b87e66de702611f2f70c5ae42f52a4d&amp;news_id=1
NO MODS IN USE
----------------------------------------------------------------------


---------- Date: 2013-04-13 16:43:25 ~ IP : 127.0.0.1 ----------
REQUEST URI : /hn/index.php?route=common/home
NO MODS IN USE
----------------------------------------------------------------------


