---------- Date: 2013-04-07 02:48:44 ~ IP : 127.0.0.1 ----------
REQUEST URI : /hn/index.php?route=product/product&amp;path=71&amp;product_id=125
NO MODS IN USE
----------------------------------------------------------------------


---------- Date: 2013-04-07 02:48:45 ~ IP : 127.0.0.1 ----------
REQUEST URI : /hn/index.php?route=product/product/captcha
NO MODS IN USE
----------------------------------------------------------------------


---------- Date: 2013-04-07 02:48:46 ~ IP : 127.0.0.1 ----------
REQUEST URI : /hn/index.php?route=product/product/review&amp;product_id=125
NO MODS IN USE
----------------------------------------------------------------------


---------- Date: 2013-04-07 03:04:57 ~ IP : 127.0.0.1 ----------
REQUEST URI : /hn/index.php?route=product/category&amp;path=60
NO MODS IN USE
----------------------------------------------------------------------


---------- Date: 2013-04-07 03:05:03 ~ IP : 127.0.0.1 ----------
REQUEST URI : /hn/index.php?route=product/category&amp;path=63
NO MODS IN USE
----------------------------------------------------------------------


