---------- Date: 2013-04-11 12:58:34 ~ IP : 127.0.0.1 ----------
REQUEST URI : /hn/index.php?route=product/category&amp;path=63
NO MODS IN USE
----------------------------------------------------------------------


---------- Date: 2013-04-11 13:01:28 ~ IP : 127.0.0.1 ----------
REQUEST URI : /hn/
NO MODS IN USE
----------------------------------------------------------------------


---------- Date: 2013-04-11 13:09:43 ~ IP : 127.0.0.1 ----------
REQUEST URI : /hn/index.php?route=product/category&amp;path=60
NO MODS IN USE
----------------------------------------------------------------------


---------- Date: 2013-04-11 13:11:24 ~ IP : 127.0.0.1 ----------
REQUEST URI : /hn/index.php?route=product/product&amp;path=60&amp;product_id=50
NO MODS IN USE
----------------------------------------------------------------------


---------- Date: 2013-04-11 13:11:25 ~ IP : 127.0.0.1 ----------
REQUEST URI : /hn/index.php?route=product/product/captcha
NO MODS IN USE
----------------------------------------------------------------------


---------- Date: 2013-04-11 13:11:25 ~ IP : 127.0.0.1 ----------
REQUEST URI : /hn/index.php?route=product/product/review&amp;product_id=50
NO MODS IN USE
----------------------------------------------------------------------


---------- Date: 2013-04-11 13:18:45 ~ IP : 127.0.0.1 ----------
REQUEST URI : /hn/index.php?route=product/product&amp;path=60&amp;product_id=50
NO MODS IN USE
----------------------------------------------------------------------


---------- Date: 2013-04-11 13:18:46 ~ IP : 127.0.0.1 ----------
REQUEST URI : /hn/index.php?route=product/product/captcha
NO MODS IN USE
----------------------------------------------------------------------


---------- Date: 2013-04-11 13:18:46 ~ IP : 127.0.0.1 ----------
REQUEST URI : /hn/index.php?route=product/product/review&amp;product_id=50
NO MODS IN USE
----------------------------------------------------------------------


---------- Date: 2013-04-11 13:20:10 ~ IP : 127.0.0.1 ----------
REQUEST URI : /hn/index.php?route=product/product&amp;path=60&amp;product_id=50
NO MODS IN USE
----------------------------------------------------------------------


---------- Date: 2013-04-11 13:20:12 ~ IP : 127.0.0.1 ----------
REQUEST URI : /hn/index.php?route=product/product/captcha
NO MODS IN USE
----------------------------------------------------------------------


---------- Date: 2013-04-11 13:20:12 ~ IP : 127.0.0.1 ----------
REQUEST URI : /hn/index.php?route=product/product/review&amp;product_id=50
NO MODS IN USE
----------------------------------------------------------------------


---------- Date: 2013-04-11 13:20:54 ~ IP : 127.0.0.1 ----------
REQUEST URI : /hn/index.php?route=product/product&amp;path=60&amp;product_id=50
NO MODS IN USE
----------------------------------------------------------------------


---------- Date: 2013-04-11 13:20:55 ~ IP : 127.0.0.1 ----------
REQUEST URI : /hn/index.php?route=product/product/captcha
NO MODS IN USE
----------------------------------------------------------------------


---------- Date: 2013-04-11 13:20:55 ~ IP : 127.0.0.1 ----------
REQUEST URI : /hn/index.php?route=product/product/review&amp;product_id=50
NO MODS IN USE
----------------------------------------------------------------------


---------- Date: 2013-04-11 13:25:14 ~ IP : 127.0.0.1 ----------
REQUEST URI : /hn/index.php?route=product/product&amp;path=60&amp;product_id=50
NO MODS IN USE
----------------------------------------------------------------------


---------- Date: 2013-04-11 13:25:14 ~ IP : 127.0.0.1 ----------
REQUEST URI : /hn/index.php?route=product/product/captcha
NO MODS IN USE
----------------------------------------------------------------------


---------- Date: 2013-04-11 13:25:14 ~ IP : 127.0.0.1 ----------
REQUEST URI : /hn/index.php?route=product/product/review&amp;product_id=50
NO MODS IN USE
----------------------------------------------------------------------


---------- Date: 2013-04-11 14:15:00 ~ IP : 127.0.0.1 ----------
REQUEST URI : /hn/index.php?route=product/category&amp;path=63
NO MODS IN USE
----------------------------------------------------------------------


---------- Date: 2013-04-11 15:45:45 ~ IP : 127.0.0.1 ----------
REQUEST URI : /hn/index.php?route=product/product&amp;path=60&amp;product_id=50
NO MODS IN USE
----------------------------------------------------------------------


---------- Date: 2013-04-11 15:45:46 ~ IP : 127.0.0.1 ----------
REQUEST URI : /hn/index.php?route=product/product/captcha
NO MODS IN USE
----------------------------------------------------------------------


---------- Date: 2013-04-11 15:45:46 ~ IP : 127.0.0.1 ----------
REQUEST URI : /hn/index.php?route=product/product/review&amp;product_id=50
NO MODS IN USE
----------------------------------------------------------------------


---------- Date: 2013-04-11 15:46:11 ~ IP : 127.0.0.1 ----------
REQUEST URI : /hn/index.php?route=product/product&amp;path=60&amp;product_id=50
NO MODS IN USE
----------------------------------------------------------------------


---------- Date: 2013-04-11 15:46:12 ~ IP : 127.0.0.1 ----------
REQUEST URI : /hn/index.php?route=product/product/captcha
NO MODS IN USE
----------------------------------------------------------------------


---------- Date: 2013-04-11 15:46:12 ~ IP : 127.0.0.1 ----------
REQUEST URI : /hn/index.php?route=product/product/review&amp;product_id=50
NO MODS IN USE
----------------------------------------------------------------------


---------- Date: 2013-04-11 15:46:43 ~ IP : 127.0.0.1 ----------
REQUEST URI : /hn/index.php?route=product/search&amp;filter_tag=Baby
NO MODS IN USE
----------------------------------------------------------------------


---------- Date: 2013-04-11 15:46:49 ~ IP : 127.0.0.1 ----------
REQUEST URI : /hn/index.php?route=product/product&amp;path=60&amp;product_id=50
NO MODS IN USE
----------------------------------------------------------------------


---------- Date: 2013-04-11 15:46:50 ~ IP : 127.0.0.1 ----------
REQUEST URI : /hn/index.php?route=product/product/captcha
NO MODS IN USE
----------------------------------------------------------------------


---------- Date: 2013-04-11 15:46:50 ~ IP : 127.0.0.1 ----------
REQUEST URI : /hn/index.php?route=product/product/review&amp;product_id=50
NO MODS IN USE
----------------------------------------------------------------------


---------- Date: 2013-04-11 15:46:56 ~ IP : 127.0.0.1 ----------
REQUEST URI : /hn/index.php?route=product/search&amp;filter_tag=Book
NO MODS IN USE
----------------------------------------------------------------------


---------- Date: 2013-04-11 15:47:00 ~ IP : 127.0.0.1 ----------
REQUEST URI : /hn/index.php?route=product/product&amp;path=60&amp;product_id=50
NO MODS IN USE
----------------------------------------------------------------------


---------- Date: 2013-04-11 15:47:00 ~ IP : 127.0.0.1 ----------
REQUEST URI : /hn/index.php?route=product/product/review&amp;product_id=50
NO MODS IN USE
----------------------------------------------------------------------


---------- Date: 2013-04-11 15:47:00 ~ IP : 127.0.0.1 ----------
REQUEST URI : /hn/index.php?route=product/product/captcha
NO MODS IN USE
----------------------------------------------------------------------


---------- Date: 2013-04-11 15:47:09 ~ IP : 127.0.0.1 ----------
REQUEST URI : /hn/index.php?route=product/category&amp;path=60
NO MODS IN USE
----------------------------------------------------------------------


---------- Date: 2013-04-11 15:50:54 ~ IP : 127.0.0.1 ----------
REQUEST URI : /hn/index.php?route=product/category&amp;path=60
NO MODS IN USE
----------------------------------------------------------------------


---------- Date: 2013-04-11 15:51:54 ~ IP : 127.0.0.1 ----------
REQUEST URI : /hn/index.php?route=product/category&amp;path=60
NO MODS IN USE
----------------------------------------------------------------------


---------- Date: 2013-04-11 15:54:18 ~ IP : 127.0.0.1 ----------
REQUEST URI : /hn/index.php?route=product/category&amp;path=60
NO MODS IN USE
----------------------------------------------------------------------


---------- Date: 2013-04-11 15:54:43 ~ IP : 127.0.0.1 ----------
REQUEST URI : /hn/index.php?route=product/category&amp;path=60
NO MODS IN USE
----------------------------------------------------------------------


---------- Date: 2013-04-11 15:55:23 ~ IP : 127.0.0.1 ----------
REQUEST URI : /hn/index.php?route=product/category&amp;path=60
NO MODS IN USE
----------------------------------------------------------------------


---------- Date: 2013-04-11 15:55:46 ~ IP : 127.0.0.1 ----------
REQUEST URI : /hn/index.php?route=product/category&amp;path=70
NO MODS IN USE
----------------------------------------------------------------------


---------- Date: 2013-04-11 15:57:52 ~ IP : 127.0.0.1 ----------
REQUEST URI : /hn/index.php?route=product/category&amp;path=63&amp;page=2
NO MODS IN USE
----------------------------------------------------------------------


---------- Date: 2013-04-11 15:58:31 ~ IP : 127.0.0.1 ----------
REQUEST URI : /hn/index.php?route=product/category&amp;path=60
NO MODS IN USE
----------------------------------------------------------------------


---------- Date: 2013-04-11 15:58:34 ~ IP : 127.0.0.1 ----------
REQUEST URI : /hn/index.php?route=product/product&amp;path=60&amp;product_id=51
NO MODS IN USE
----------------------------------------------------------------------


---------- Date: 2013-04-11 15:58:34 ~ IP : 127.0.0.1 ----------
REQUEST URI : /hn/index.php?route=product/product/captcha
NO MODS IN USE
----------------------------------------------------------------------


---------- Date: 2013-04-11 15:58:34 ~ IP : 127.0.0.1 ----------
REQUEST URI : /hn/index.php?route=product/product/review&amp;product_id=51
NO MODS IN USE
----------------------------------------------------------------------


---------- Date: 2013-04-11 15:59:58 ~ IP : 127.0.0.1 ----------
REQUEST URI : /hn/index.php?route=product/product&amp;path=60&amp;product_id=51
NO MODS IN USE
----------------------------------------------------------------------


---------- Date: 2013-04-11 16:00:00 ~ IP : 127.0.0.1 ----------
REQUEST URI : /hn/index.php?route=product/product/captcha
NO MODS IN USE
----------------------------------------------------------------------


---------- Date: 2013-04-11 16:00:00 ~ IP : 127.0.0.1 ----------
REQUEST URI : /hn/index.php?route=product/product/review&amp;product_id=51
NO MODS IN USE
----------------------------------------------------------------------


---------- Date: 2013-04-11 16:00:47 ~ IP : 127.0.0.1 ----------
REQUEST URI : /hn/index.php?route=product/product/captcha
NO MODS IN USE
----------------------------------------------------------------------


---------- Date: 2013-04-11 16:01:57 ~ IP : 127.0.0.1 ----------
REQUEST URI : /hn/index.php?route=product/category&amp;path=63&amp;page=2
NO MODS IN USE
----------------------------------------------------------------------


---------- Date: 2013-04-11 16:02:04 ~ IP : 127.0.0.1 ----------
REQUEST URI : /hn/index.php?route=product/category&amp;path=63&amp;page=2
NO MODS IN USE
----------------------------------------------------------------------


---------- Date: 2013-04-11 16:02:10 ~ IP : 127.0.0.1 ----------
REQUEST URI : /hn/index.php?route=product/product&amp;path=60&amp;product_id=51
NO MODS IN USE
----------------------------------------------------------------------


---------- Date: 2013-04-11 16:02:10 ~ IP : 127.0.0.1 ----------
REQUEST URI : /hn/index.php?route=product/product/captcha
NO MODS IN USE
----------------------------------------------------------------------


---------- Date: 2013-04-11 16:02:10 ~ IP : 127.0.0.1 ----------
REQUEST URI : /hn/index.php?route=product/product/review&amp;product_id=51
NO MODS IN USE
----------------------------------------------------------------------


---------- Date: 2013-04-11 16:02:24 ~ IP : 127.0.0.1 ----------
REQUEST URI : /hn/index.php?route=product/product&amp;path=60&amp;product_id=51
NO MODS IN USE
----------------------------------------------------------------------


---------- Date: 2013-04-11 16:02:25 ~ IP : 127.0.0.1 ----------
REQUEST URI : /hn/index.php?route=product/product/captcha
NO MODS IN USE
----------------------------------------------------------------------


---------- Date: 2013-04-11 16:02:26 ~ IP : 127.0.0.1 ----------
REQUEST URI : /hn/index.php?route=product/product/review&amp;product_id=51
NO MODS IN USE
----------------------------------------------------------------------


---------- Date: 2013-04-11 16:03:32 ~ IP : 127.0.0.1 ----------
REQUEST URI : /hn/index.php?route=product/product&amp;path=60&amp;product_id=51
NO MODS IN USE
----------------------------------------------------------------------


---------- Date: 2013-04-11 16:03:33 ~ IP : 127.0.0.1 ----------
REQUEST URI : /hn/index.php?route=product/product/captcha
NO MODS IN USE
----------------------------------------------------------------------


---------- Date: 2013-04-11 16:03:33 ~ IP : 127.0.0.1 ----------
REQUEST URI : /hn/index.php?route=product/product/review&amp;product_id=51
NO MODS IN USE
----------------------------------------------------------------------


---------- Date: 2013-04-11 16:03:42 ~ IP : 127.0.0.1 ----------
REQUEST URI : /hn/index.php?route=product/product/captcha
NO MODS IN USE
----------------------------------------------------------------------


---------- Date: 2013-04-11 16:04:09 ~ IP : 127.0.0.1 ----------
REQUEST URI : /hn/index.php?route=product/product&amp;path=60&amp;product_id=51
NO MODS IN USE
----------------------------------------------------------------------


---------- Date: 2013-04-11 16:04:10 ~ IP : 127.0.0.1 ----------
REQUEST URI : /hn/index.php?route=product/product/captcha
NO MODS IN USE
----------------------------------------------------------------------


---------- Date: 2013-04-11 16:04:11 ~ IP : 127.0.0.1 ----------
REQUEST URI : /hn/index.php?route=product/product/review&amp;product_id=51
NO MODS IN USE
----------------------------------------------------------------------


---------- Date: 2013-04-11 16:05:41 ~ IP : 127.0.0.1 ----------
REQUEST URI : /hn/index.php?route=product/product&amp;path=60&amp;product_id=51
NO MODS IN USE
----------------------------------------------------------------------


---------- Date: 2013-04-11 16:05:42 ~ IP : 127.0.0.1 ----------
REQUEST URI : /hn/index.php?route=product/product/captcha
NO MODS IN USE
----------------------------------------------------------------------


---------- Date: 2013-04-11 16:05:42 ~ IP : 127.0.0.1 ----------
REQUEST URI : /hn/index.php?route=product/product/review&amp;product_id=51
NO MODS IN USE
----------------------------------------------------------------------


---------- Date: 2013-04-11 16:07:02 ~ IP : 127.0.0.1 ----------
REQUEST URI : /hn/index.php?route=product/manufacturer
NO MODS IN USE
----------------------------------------------------------------------


---------- Date: 2013-04-11 16:07:12 ~ IP : 127.0.0.1 ----------
REQUEST URI : /hn/index.php?route=information/contact
NO MODS IN USE
----------------------------------------------------------------------


---------- Date: 2013-04-11 16:07:12 ~ IP : 127.0.0.1 ----------
REQUEST URI : /hn/index.php?route=information/contact/captcha
NO MODS IN USE
----------------------------------------------------------------------


---------- Date: 2013-04-11 16:07:31 ~ IP : 127.0.0.1 ----------
REQUEST URI : /hn/index.php?route=information/contact
NO MODS IN USE
----------------------------------------------------------------------


---------- Date: 2013-04-11 16:07:32 ~ IP : 127.0.0.1 ----------
REQUEST URI : /hn/index.php?route=information/contact/captcha
NO MODS IN USE
----------------------------------------------------------------------


---------- Date: 2013-04-11 16:07:34 ~ IP : 127.0.0.1 ----------
REQUEST URI : /hn/index.php?route=information/contact/captcha
NO MODS IN USE
----------------------------------------------------------------------


---------- Date: 2013-04-11 16:13:30 ~ IP : 127.0.0.1 ----------
REQUEST URI : /hn/index.php?route=information/contact
NO MODS IN USE
----------------------------------------------------------------------


---------- Date: 2013-04-11 16:13:30 ~ IP : 127.0.0.1 ----------
REQUEST URI : /hn/index.php?route=information/contact/captcha
NO MODS IN USE
----------------------------------------------------------------------


---------- Date: 2013-04-11 16:13:43 ~ IP : 127.0.0.1 ----------
REQUEST URI : /hn/index.php?route=information/contact
NO MODS IN USE
----------------------------------------------------------------------


---------- Date: 2013-04-11 16:13:43 ~ IP : 127.0.0.1 ----------
REQUEST URI : /hn/index.php?route=information/contact/captcha
NO MODS IN USE
----------------------------------------------------------------------


---------- Date: 2013-04-11 16:25:20 ~ IP : 127.0.0.1 ----------
REQUEST URI : /hn/index.php?route=information/contact
NO MODS IN USE
----------------------------------------------------------------------


---------- Date: 2013-04-11 16:25:21 ~ IP : 127.0.0.1 ----------
REQUEST URI : /hn/index.php?route=information/contact/captcha
NO MODS IN USE
----------------------------------------------------------------------


---------- Date: 2013-04-11 16:26:04 ~ IP : 127.0.0.1 ----------
REQUEST URI : /hn/index.php?route=information/contact
NO MODS IN USE
----------------------------------------------------------------------


---------- Date: 2013-04-11 16:26:05 ~ IP : 127.0.0.1 ----------
REQUEST URI : /hn/index.php?route=information/contact/captcha
NO MODS IN USE
----------------------------------------------------------------------


---------- Date: 2013-04-11 16:27:34 ~ IP : 127.0.0.1 ----------
REQUEST URI : /hn/index.php?route=information/contact
NO MODS IN USE
----------------------------------------------------------------------


---------- Date: 2013-04-11 16:27:36 ~ IP : 127.0.0.1 ----------
REQUEST URI : /hn/index.php?route=information/contact/captcha
NO MODS IN USE
----------------------------------------------------------------------


---------- Date: 2013-04-11 16:28:29 ~ IP : 127.0.0.1 ----------
REQUEST URI : /hn/index.php?route=information/contact
NO MODS IN USE
----------------------------------------------------------------------


---------- Date: 2013-04-11 16:28:29 ~ IP : 127.0.0.1 ----------
REQUEST URI : /hn/index.php?route=information/contact/captcha
NO MODS IN USE
----------------------------------------------------------------------


---------- Date: 2013-04-11 16:28:40 ~ IP : 127.0.0.1 ----------
REQUEST URI : /hn/index.php?route=account/account
NO MODS IN USE
----------------------------------------------------------------------


---------- Date: 2013-04-11 16:28:41 ~ IP : 127.0.0.1 ----------
REQUEST URI : /hn/index.php?route=account/login
NO MODS IN USE
----------------------------------------------------------------------


---------- Date: 2013-04-11 16:32:16 ~ IP : 127.0.0.1 ----------
REQUEST URI : /hn/index.php?route=account/login
NO MODS IN USE
----------------------------------------------------------------------


---------- Date: 2013-04-11 16:32:40 ~ IP : 127.0.0.1 ----------
REQUEST URI : /hn/index.php?route=account/login
NO MODS IN USE
----------------------------------------------------------------------


---------- Date: 2013-04-11 16:34:40 ~ IP : 127.0.0.1 ----------
REQUEST URI : /hn/index.php?route=account/login
NO MODS IN USE
----------------------------------------------------------------------


---------- Date: 2013-04-11 16:34:49 ~ IP : 127.0.0.1 ----------
REQUEST URI : /hn/index.php?route=account/login
NO MODS IN USE
----------------------------------------------------------------------


---------- Date: 2013-04-11 16:35:52 ~ IP : 127.0.0.1 ----------
REQUEST URI : /hn/index.php?route=account/login
NO MODS IN USE
----------------------------------------------------------------------


---------- Date: 2013-04-11 16:36:35 ~ IP : 127.0.0.1 ----------
REQUEST URI : /hn/index.php?route=account/login
NO MODS IN USE
----------------------------------------------------------------------


---------- Date: 2013-04-11 16:36:41 ~ IP : 127.0.0.1 ----------
REQUEST URI : /hn/index.php?route=account/order
NO MODS IN USE
----------------------------------------------------------------------


---------- Date: 2013-04-11 16:36:41 ~ IP : 127.0.0.1 ----------
REQUEST URI : /hn/index.php?route=account/login
NO MODS IN USE
----------------------------------------------------------------------


---------- Date: 2013-04-11 16:36:44 ~ IP : 127.0.0.1 ----------
REQUEST URI : /hn/index.php?route=account/wishlist
NO MODS IN USE
----------------------------------------------------------------------


---------- Date: 2013-04-11 16:36:44 ~ IP : 127.0.0.1 ----------
REQUEST URI : /hn/index.php?route=account/login
NO MODS IN USE
----------------------------------------------------------------------


---------- Date: 2013-04-11 16:36:48 ~ IP : 127.0.0.1 ----------
REQUEST URI : /hn/index.php?route=account/newsletter
NO MODS IN USE
----------------------------------------------------------------------


---------- Date: 2013-04-11 16:36:48 ~ IP : 127.0.0.1 ----------
REQUEST URI : /hn/index.php?route=account/login
NO MODS IN USE
----------------------------------------------------------------------


---------- Date: 2013-04-11 16:36:51 ~ IP : 127.0.0.1 ----------
REQUEST URI : /hn/index.php?route=product/manufacturer
NO MODS IN USE
----------------------------------------------------------------------


---------- Date: 2013-04-11 16:37:19 ~ IP : 127.0.0.1 ----------
REQUEST URI : /hn/index.php?route=account/return/insert
NO MODS IN USE
----------------------------------------------------------------------


---------- Date: 2013-04-11 16:37:19 ~ IP : 127.0.0.1 ----------
REQUEST URI : /hn/index.php?route=account/return/captcha
NO MODS IN USE
----------------------------------------------------------------------


---------- Date: 2013-04-11 16:39:49 ~ IP : 127.0.0.1 ----------
REQUEST URI : /hn/index.php?route=account/return/insert
NO MODS IN USE
----------------------------------------------------------------------


---------- Date: 2013-04-11 16:39:50 ~ IP : 127.0.0.1 ----------
REQUEST URI : /hn/index.php?route=account/return/captcha
NO MODS IN USE
----------------------------------------------------------------------


---------- Date: 2013-04-11 16:40:40 ~ IP : 127.0.0.1 ----------
REQUEST URI : /hn/index.php?route=account/return/insert
NO MODS IN USE
----------------------------------------------------------------------


---------- Date: 2013-04-11 16:40:41 ~ IP : 127.0.0.1 ----------
REQUEST URI : /hn/index.php?route=account/return/captcha
NO MODS IN USE
----------------------------------------------------------------------


---------- Date: 2013-04-11 16:41:34 ~ IP : 127.0.0.1 ----------
REQUEST URI : /hn/index.php?route=account/return/insert
NO MODS IN USE
----------------------------------------------------------------------


---------- Date: 2013-04-11 16:41:35 ~ IP : 127.0.0.1 ----------
REQUEST URI : /hn/index.php?route=account/return/captcha
NO MODS IN USE
----------------------------------------------------------------------


---------- Date: 2013-04-11 16:42:02 ~ IP : 127.0.0.1 ----------
REQUEST URI : /hn/index.php?route=information/sitemap
NO MODS IN USE
----------------------------------------------------------------------


